<?xml version="1.0" encoding="UTF-8"?>
<!-- Generated by org.testng.reporters.JUnitReportReporter -->
<testsuite hostname="DESKTOP-KCJU303" failures="0" tests="1" name="com.xyzbank.qa.testcases.TC001_HomepageTest" time="6.649" errors="0" timestamp="2024-03-14T09:20:30 IST" skipped="0">
  <testcase classname="com.xyzbank.qa.testcases.TC001_HomepageTest" name="homePageTest" time="6.649"/>
</testsuite> <!-- com.xyzbank.qa.testcases.TC001_HomepageTest -->
